[    0.000000] Linux version 4.15.0-194-generic (buildd@lcy02-amd64-052) (gcc version 7.5.0 (Ubuntu 7.5.0-3ubuntu1~18.04)) #205-Ubuntu SMP Fri Sep 16 19:49:27 UTC 2022 (Ubuntu 4.15.0-194.205-generic 4.15.18)
[    0.000000] Command line: BOOT_IMAGE=/boot/vmlinuz-4.15.0-194-generic root=LABEL=cloudimg-rootfs ro console=tty1 console=ttyS0
[    0.000000] KERNEL supported cpus:
[    0.000000]   Intel GenuineIntel
[    0.000000]   AMD AuthenticAMD
[    0.000000]   Centaur CentaurHauls
[    0.000000] x86/fpu: Supporting XSAVE feature 0x001: 'x87 floating point registers'
[    0.000000] x86/fpu: Supporting XSAVE feature 0x002: 'SSE registers'
[    0.000000] x86/fpu: Supporting XSAVE feature 0x004: 'AVX registers'
[    0.000000] x86/fpu: xstate_offset[2]:  576, xstate_sizes[2]:  256
[    0.000000] x86/fpu: Enabled xstate features 0x7, context size is 832 bytes, using 'standard' format.
[    0.000000] e820: BIOS-provided physical RAM map:
[    0.000000] BIOS-e820: [mem 0x0000000000000000-0x000000000009fbff] usable
[    0.000000] BIOS-e820: [mem 0x000000000009fc00-0x000000000009ffff] reserved
[    0.000000] BIOS-e820: [mem 0x00000000000f0000-0x00000000000fffff] reserved
[    0.000000] BIOS-e820: [mem 0x0000000000100000-0x000000003ffeffff] usable
[    0.000000] BIOS-e820: [mem 0x000000003fff0000-0x000000003fffffff] ACPI data
[    0.000000] BIOS-e820: [mem 0x00000000fec00000-0x00000000fec00fff] reserved
[    0.000000] BIOS-e820: [mem 0x00000000fee00000-0x00000000fee00fff] reserved
[    0.000000] BIOS-e820: [mem 0x00000000fffc0000-0x00000000ffffffff] reserved
[    0.000000] NX (Execute Disable) protection: active
[    0.000000] SMBIOS 2.5 present.
[    0.000000] DMI: innotek GmbH VirtualBox/VirtualBox, BIOS VirtualBox 12/01/2006
[    0.000000] Hypervisor detected: KVM
[    0.000000] e820: last_pfn = 0x3fff0 max_arch_pfn = 0x400000000
[    0.000000] MTRR: Disabled
[    0.000000] x86/PAT: MTRRs disabled, skipping PAT initialization too.
[    0.000000] CPU MTRRs all blank - virtualized system.
[    0.000000] x86/PAT: Configuration [0-7]: WB  WT  UC- UC  WB  WT  UC- UC  
[    0.000000] found SMP MP-table at [mem 0x0009fff0-0x0009ffff]
[    0.000000] Scanning 1 areas for low memory corruption
[    0.000000] RAMDISK: [mem 0x359cb000-0x36cdcfff]
[    0.000000] ACPI: Early table checksum verification disabled
[    0.000000] ACPI: RSDP 0x00000000000E0000 000024 (v02 VBOX  )
[    0.000000] ACPI: XSDT 0x000000003FFF0030 00003C (v01 VBOX   VBOXXSDT 00000001 ASL  00000061)
[    0.000000] ACPI: FACP 0x000000003FFF00F0 0000F4 (v04 VBOX   VBOXFACP 00000001 ASL  00000061)
[    0.000000] ACPI: DSDT 0x000000003FFF0470 002325 (v02 VBOX   VBOXBIOS 00000002 INTL 20100528)
[    0.000000] ACPI: FACS 0x000000003FFF0200 000040
[    0.000000] ACPI: FACS 0x000000003FFF0200 000040
[    0.000000] ACPI: APIC 0x000000003FFF0240 00005C (v02 VBOX   VBOXAPIC 00000001 ASL  00000061)
[    0.000000] ACPI: SSDT 0x000000003FFF02A0 0001CC (v01 VBOX   VBOXCPUT 00000002 INTL 20100528)
[    0.000000] ACPI: Reserving FACP table memory at [mem 0x3fff00f0-0x3fff01e3]
[    0.000000] ACPI: Reserving DSDT table memory at [mem 0x3fff0470-0x3fff2794]
[    0.000000] ACPI: Reserving FACS table memory at [mem 0x3fff0200-0x3fff023f]
[    0.000000] ACPI: Reserving FACS table memory at [mem 0x3fff0200-0x3fff023f]
[    0.000000] ACPI: Reserving APIC table memory at [mem 0x3fff0240-0x3fff029b]
[    0.000000] ACPI: Reserving SSDT table memory at [mem 0x3fff02a0-0x3fff046b]
[    0.000000] No NUMA configuration found
[    0.000000] Faking a node at [mem 0x0000000000000000-0x000000003ffeffff]
[    0.000000] NODE_DATA(0) allocated [mem 0x3ffc5000-0x3ffeffff]
[    0.000000] kvm-clock: cpu 0, msr 0:3ff44001, primary cpu clock
[    0.000000] kvm-clock: Using msrs 4b564d01 and 4b564d00
[    0.000000] kvm-clock: using sched offset of 6008629113 cycles
[    0.000000] clocksource: kvm-clock: mask: 0xffffffffffffffff max_cycles: 0x1cd42e4dffb, max_idle_ns: 881590591483 ns
[    0.000000] Zone ranges:
[    0.000000]   DMA      [mem 0x0000000000001000-0x0000000000ffffff]
[    0.000000]   DMA32    [mem 0x0000000001000000-0x000000003ffeffff]
[    0.000000]   Normal   empty
[    0.000000]   Device   empty
[    0.000000] Movable zone start for each node
[    0.000000] Early memory node ranges
[    0.000000]   node   0: [mem 0x0000000000001000-0x000000000009efff]
[    0.000000]   node   0: [mem 0x0000000000100000-0x000000003ffeffff]
[    0.000000] Reserved but unavailable: 104 pages
[    0.000000] Initmem setup node 0 [mem 0x0000000000001000-0x000000003ffeffff]
[    0.000000] ACPI: PM-Timer IO Port: 0x4008
[    0.000000] IOAPIC[0]: apic_id 2, version 32, address 0xfec00000, GSI 0-23
[    0.000000] ACPI: INT_SRC_OVR (bus 0 bus_irq 0 global_irq 2 dfl dfl)
[    0.000000] ACPI: INT_SRC_OVR (bus 0 bus_irq 9 global_irq 9 low level)
[    0.000000] Using ACPI (MADT) for SMP configuration information
[    0.000000] smpboot: Allowing 2 CPUs, 0 hotplug CPUs
[    0.000000] PM: Registered nosave memory: [mem 0x00000000-0x00000fff]
[    0.000000] PM: Registered nosave memory: [mem 0x0009f000-0x0009ffff]
[    0.000000] PM: Registered nosave memory: [mem 0x000a0000-0x000effff]
[    0.000000] PM: Registered nosave memory: [mem 0x000f0000-0x000fffff]
[    0.000000] e820: [mem 0x40000000-0xfebfffff] available for PCI devices
[    0.000000] Booting paravirtualized kernel on KVM
[    0.000000] clocksource: refined-jiffies: mask: 0xffffffff max_cycles: 0xffffffff, max_idle_ns: 7645519600211568 ns
[    0.000000] setup_percpu: NR_CPUS:8192 nr_cpumask_bits:2 nr_cpu_ids:2 nr_node_ids:1
[    0.000000] percpu: Embedded 50 pages/cpu s167936 r8192 d28672 u1048576
[    0.000000] PV qspinlock hash table entries: 256 (order: 0, 4096 bytes)
[    0.000000] Built 1 zonelists, mobility grouping on.  Total pages: 257913
[    0.000000] Policy zone: DMA32
[    0.000000] Kernel command line: BOOT_IMAGE=/boot/vmlinuz-4.15.0-194-generic root=LABEL=cloudimg-rootfs ro console=tty1 console=ttyS0
[    0.000000] Memory: 982652K/1048120K available (12300K kernel code, 2477K rwdata, 4320K rodata, 2472K init, 2720K bss, 65468K reserved, 0K cma-reserved)
[    0.000000] SLUB: HWalign=64, Order=0-3, MinObjects=0, CPUs=2, Nodes=1
[    0.000000] Kernel/User page tables isolation: enabled
[    0.000000] ftrace: allocating 39477 entries in 155 pages
[    0.004000] Hierarchical RCU implementation.
[    0.004000] 	RCU restricting CPUs from NR_CPUS=8192 to nr_cpu_ids=2.
[    0.004000] 	Tasks RCU enabled.
[    0.004000] RCU: Adjusting geometry for rcu_fanout_leaf=16, nr_cpu_ids=2
[    0.004000] NR_IRQS: 524544, nr_irqs: 440, preallocated irqs: 16
[    0.004000] Console: colour VGA+ 80x25
[    0.004000] console [tty1] enabled
[    0.004000] console [ttyS0] enabled
[    0.004000] ACPI: Core revision 20170831
[    0.004000] ACPI: 2 ACPI AML tables successfully acquired and loaded
[    0.004000] APIC: Switch to symmetric I/O mode setup
[    0.004000] x2apic enabled
[    0.004000] Switched APIC routing to physical x2apic.
[    0.008000] ..TIMER: vector=0x30 apic1=0 pin1=2 apic2=-1 pin2=-1
[    0.008003] tsc: Detected 3092.986 MHz processor
[    0.012010] Calibrating delay loop (skipped) preset value.. 6185.97 BogoMIPS (lpj=12371944)
[    0.014887] pid_max: default: 32768 minimum: 301
[    0.016129] Security Framework initialized
[    0.020003] Yama: becoming mindful.
[    0.021313] AppArmor: AppArmor initialized
[    0.024084] Dentry cache hash table entries: 131072 (order: 8, 1048576 bytes)
[    0.028113] Inode-cache hash table entries: 65536 (order: 7, 524288 bytes)
[    0.030380] Mount-cache hash table entries: 2048 (order: 2, 16384 bytes)
[    0.032009] Mountpoint-cache hash table entries: 2048 (order: 2, 16384 bytes)
[    0.036604] Last level iTLB entries: 4KB 512, 2MB 8, 4MB 8
[    0.038441] Last level dTLB entries: 4KB 512, 2MB 32, 4MB 32, 1GB 0
[    0.040004] Spectre V1 : Mitigation: usercopy/swapgs barriers and __user pointer sanitization
[    0.042865] Spectre V2 : Mitigation: Retpolines
[    0.044002] Spectre V2 : Spectre v2 / SpectreRSB mitigation: Filling RSB on context switch
[    0.046870] Speculative Store Bypass: Vulnerable
[    0.048050] MDS: Vulnerable: Clear CPU buffers attempted, no microcode
[    0.050586] Freeing SMP alternatives memory: 36K
[    0.164266] smpboot: CPU0: Intel(R) Core(TM) i3-2100 CPU @ 3.10GHz (family: 0x6, model: 0x2a, stepping: 0x7)
[    0.167728] Performance Events: unsupported p6 CPU model 42 no PMU driver, software events only.
[    0.168073] Hierarchical SRCU implementation.
[    0.172772] NMI watchdog: Perf event create on CPU 0 failed with -2
[    0.174867] NMI watchdog: Perf NMI watchdog permanently disabled
[    0.176088] smp: Bringing up secondary CPUs ...
[    0.177824] x86: Booting SMP configuration:
[    0.180003] .... node  #0, CPUs:      #1
[    0.004000] kvm-clock: cpu 1, msr 0:3ff44041, secondary cpu clock
[    0.186598] smp: Brought up 1 node, 2 CPUs
[    0.186598] smpboot: Max logical packages: 1
[    0.188007] smpboot: Total of 2 processors activated (12371.94 BogoMIPS)
[    0.192190] devtmpfs: initialized
[    0.193360] x86/mm: Memory block size: 128MB
[    0.195357] evm: security.selinux
[    0.196004] evm: security.SMACK64
[    0.197231] evm: security.SMACK64EXEC
[    0.198573] evm: security.SMACK64TRANSMUTE
[    0.200003] evm: security.SMACK64MMAP
[    0.201331] evm: security.apparmor
[    0.202617] evm: security.ima
[    0.204003] evm: security.capability
[    0.205360] clocksource: jiffies: mask: 0xffffffff max_cycles: 0xffffffff, max_idle_ns: 7645041785100000 ns
[    0.208011] futex hash table entries: 512 (order: 3, 32768 bytes)
[    0.210096] pinctrl core: initialized pinctrl subsystem
[    0.220244] RTC time: 13:25:39, date: 10/11/22
[    0.222544] NET: Registered protocol family 16
[    0.224263] audit: initializing netlink subsys (disabled)
[    0.226105] audit: type=2000 audit(1665494746.778:1): state=initialized audit_enabled=0 res=1
[    0.228015] cpuidle: using governor ladder
[    0.229488] cpuidle: using governor menu
[    0.232118] ACPI: bus type PCI registered
[    0.233575] acpiphp: ACPI Hot Plug PCI Controller Driver version: 0.5
[    0.236206] PCI: Using configuration type 1 for base access
[    0.242817] HugeTLB registered 2.00 MiB page size, pre-allocated 0 pages
[    0.244160] ACPI: Added _OSI(Module Device)
[    0.245664] ACPI: Added _OSI(Processor Device)
[    0.248012] ACPI: Added _OSI(3.0 _SCP Extensions)
[    0.249667] ACPI: Added _OSI(Processor Aggregator Device)
[    0.251515] ACPI: Added _OSI(Linux-Dell-Video)
[    0.252005] ACPI: Added _OSI(Linux-Lenovo-NV-HDMI-Audio)
[    0.253822] ACPI: Added _OSI(Linux-HPI-Hybrid-Graphics)
[    0.256540] ACPI: Executed 1 blocks of module-level executable AML code
[    0.273054] ACPI: Interpreter enabled
[    0.274407] ACPI: (supports S0 S5)
[    0.275688] ACPI: Using IOAPIC for interrupt routing
[    0.276851] PCI: Using host bridge windows from ACPI; if necessary, use "pci=nocrs" and report a bug
[    0.280468] ACPI: Enabled 2 GPEs in block 00 to 07
[    0.303699] ACPI: PCI Root Bridge [PCI0] (domain 0000 [bus 00-ff])
[    0.304026] acpi PNP0A03:00: _OSC: OS supports [ASPM ClockPM Segments MSI]
[    0.309165] acpi PNP0A03:00: _OSC: not requesting OS control; OS requires [ExtendedConfig ASPM ClockPM MSI]
[    0.312027] acpi PNP0A03:00: fail to add MMCONFIG information, can't access extended PCI configuration space under this bridge.
[    0.316924] PCI host bridge to bus 0000:00
[    0.318386] pci_bus 0000:00: root bus resource [io  0x0000-0x0cf7 window]
[    0.320005] pci_bus 0000:00: root bus resource [io  0x0d00-0xffff window]
[    0.322222] pci_bus 0000:00: root bus resource [mem 0x000a0000-0x000bffff window]
[    0.324005] pci_bus 0000:00: root bus resource [mem 0x40000000-0xfdffffff window]
[    0.328005] pci_bus 0000:00: root bus resource [bus 00-ff]
[    0.337137] pci 0000:00:01.1: legacy IDE quirk: reg 0x10: [io  0x01f0-0x01f7]
[    0.339462] pci 0000:00:01.1: legacy IDE quirk: reg 0x14: [io  0x03f6]
[    0.340005] pci 0000:00:01.1: legacy IDE quirk: reg 0x18: [io  0x0170-0x0177]
[    0.342298] pci 0000:00:01.1: legacy IDE quirk: reg 0x1c: [io  0x0376]
[    0.368720] pci 0000:00:07.0: quirk: [io  0x4000-0x403f] claimed by PIIX4 ACPI
[    0.371309] pci 0000:00:07.0: quirk: [io  0x4100-0x410f] claimed by PIIX4 SMB
[    0.390015] ACPI: PCI Interrupt Link [LNKA] (IRQs 5 9 10 *11)
[    0.393058] ACPI: PCI Interrupt Link [LNKB] (IRQs 5 9 *10 11)
[    0.395289] ACPI: PCI Interrupt Link [LNKC] (IRQs 5 *9 10 11)
[    0.396302] ACPI: PCI Interrupt Link [LNKD] (IRQs 5 9 10 *11)
[    0.400597] SCSI subsystem initialized
[    0.402557] pci 0000:00:02.0: vgaarb: setting as boot VGA device
[    0.402961] pci 0000:00:02.0: vgaarb: VGA device added: decodes=io+mem,owns=io+mem,locks=none
[    0.404015] pci 0000:00:02.0: vgaarb: bridge control possible
[    0.406002] vgaarb: loaded
[    0.408062] ACPI: bus type USB registered
[    0.409533] usbcore: registered new interface driver usbfs
[    0.411399] usbcore: registered new interface driver hub
[    0.412021] usbcore: registered new device driver usb
[    0.413869] EDAC MC: Ver: 3.0.0
[    0.416408] PCI: Using ACPI for IRQ routing
[    0.420302] NetLabel: Initializing
[    0.421588] NetLabel:  domain hash size = 128
[    0.423116] NetLabel:  protocols = UNLABELED CIPSOv4 CALIPSO
[    0.424036] NetLabel:  unlabeled traffic allowed by default
[    0.426629] clocksource: Switched to clocksource kvm-clock
[    0.490633] VFS: Disk quotas dquot_6.6.0
[    0.492607] VFS: Dquot-cache hash table entries: 512 (order 0, 4096 bytes)
[    0.495831] AppArmor: AppArmor Filesystem Enabled
[    0.498156] pnp: PnP ACPI init
[    0.502797] pnp: PnP ACPI: found 3 devices
[    0.517020] clocksource: acpi_pm: mask: 0xffffff max_cycles: 0xffffff, max_idle_ns: 2085701024 ns
[    0.520093] NET: Registered protocol family 2
[    0.521960] IP idents hash table entries: 16384 (order: 5, 131072 bytes)
[    0.534250] TCP established hash table entries: 8192 (order: 4, 65536 bytes)
[    0.536714] TCP bind hash table entries: 8192 (order: 5, 131072 bytes)
[    0.538892] TCP: Hash tables configured (established 8192 bind 8192)
[    0.541061] UDP hash table entries: 512 (order: 2, 16384 bytes)
[    0.543012] UDP-Lite hash table entries: 512 (order: 2, 16384 bytes)
[    0.545219] NET: Registered protocol family 1
[    0.546766] pci 0000:00:00.0: Limiting direct PCI/PCI transfers
[    0.548864] pci 0000:00:01.0: Activating ISA DMA hang workarounds
[    0.550982] pci 0000:00:02.0: Video device with shadowed ROM at [mem 0x000c0000-0x000dffff]
[    0.554050] Unpacking initramfs...
[    1.439456] Freeing initrd memory: 19528K
[    1.441164] clocksource: tsc: mask: 0xffffffffffffffff max_cycles: 0x2c9565ecd94, max_idle_ns: 440795297546 ns
[    1.444597] platform rtc_cmos: registered platform RTC device (no PNP device found)
[    1.447972] Scanning for low memory corruption every 60 seconds
[    1.451813] Initialise system trusted keyrings
[    1.453455] Key type blacklist registered
[    1.455008] workingset: timestamp_bits=36 max_order=18 bucket_order=0
[    1.460354] zbud: loaded
[    1.462502] squashfs: version 4.0 (2009/01/31) Phillip Lougher
[    1.464861] fuse init (API version 7.26)
[    1.470625] Key type asymmetric registered
[    1.472123] Asymmetric key parser 'x509' registered
[    1.473871] Block layer SCSI generic (bsg) driver version 0.4 loaded (major 246)
[    1.476693] io scheduler noop registered
[    1.478123] io scheduler deadline registered
[    1.479670] io scheduler cfq registered (default)
[    1.481861] ACPI: AC Adapter [AC] (on-line)
[    1.483417] input: Power Button as /devices/LNXSYSTM:00/LNXPWRBN:00/input/input0
[    1.486120] ACPI: Power Button [PWRF]
[    1.487603] input: Sleep Button as /devices/LNXSYSTM:00/LNXSLPBN:00/input/input1
[    1.490270] ACPI: Sleep Button [SLPF]
[    1.492215] Serial: 8250/16550 driver, 32 ports, IRQ sharing enabled
[    1.515876] 00:02: ttyS0 at I/O 0x3f8 (irq = 4, base_baud = 115200) is a 16550A
[    1.536049] Linux agpgart interface v0.103
[    1.541286] loop: module loaded
[    1.543953] scsi host0: ata_piix
[    1.545891] scsi host1: ata_piix
[    1.547516] ata1: PATA max UDMA/33 cmd 0x1f0 ctl 0x3f6 bmdma 0xd000 irq 14
[    1.550576] ata2: PATA max UDMA/33 cmd 0x170 ctl 0x376 bmdma 0xd008 irq 15
[    1.554093] tun: Universal TUN/TAP device driver, 1.6
[    1.556646] PPP generic driver version 2.4.2
[    1.559025] ehci_hcd: USB 2.0 'Enhanced' Host Controller (EHCI) Driver
[    1.562210] ehci-pci: EHCI PCI platform driver
[    1.564617] ehci-platform: EHCI generic platform driver
[    1.567101] ohci_hcd: USB 1.1 'Open' Host Controller (OHCI) Driver
[    1.569849] ohci-pci: OHCI PCI platform driver
[    1.571979] ohci-platform: OHCI generic platform driver
[    1.574446] uhci_hcd: USB Universal Host Controller Interface driver
[    1.577474] i8042: PNP: PS/2 Controller [PNP0303:PS2K,PNP0f03:PS2M] at 0x60,0x64 irq 1,12
[    1.581842] serio: i8042 KBD port at 0x60,0x64 irq 1
[    1.584162] serio: i8042 AUX port at 0x60,0x64 irq 12
[    1.586836] mousedev: PS/2 mouse device common for all mice
[    1.590019] input: AT Translated Set 2 keyboard as /devices/platform/i8042/serio0/input/input2
[    1.592323] rtc_cmos rtc_cmos: rtc core: registered rtc_cmos as rtc0
[    1.596381] rtc_cmos rtc_cmos: alarms up to one day, 114 bytes nvram
[    1.599202] i2c /dev entries driver
[    1.601035] device-mapper: uevent: version 1.0.3
[    1.603352] device-mapper: ioctl: 4.37.0-ioctl (2017-09-20) initialised: dm-devel@redhat.com
[    1.607345] ledtrig-cpu: registered to indicate activity on CPUs
[    1.611179] NET: Registered protocol family 10
[    1.621366] Segment Routing with IPv6
[    1.623123] NET: Registered protocol family 17
[    1.625382] Key type dns_resolver registered
[    1.627646] mce: Using 0 MCE banks
[    1.629394] RAS: Correctable Errors collector initialized.
[    1.631754] sched_clock: Marking stable (1629336760, 0)->(2025740692, -396403932)
[    1.636167] registered taskstats version 1
[    1.637647] Loading compiled-in X.509 certificates
[    1.643124] Loaded X.509 cert 'Build time autogenerated kernel key: 6303a3b02fa1c7713b8a75ba7ba622fabd5dd271'
[    1.647588] Loaded X.509 cert 'Canonical Ltd. Live Patch Signing: 14df34d1a87cf37625abec039ef2bf521249b969'
[    1.651932] Loaded X.509 cert 'Canonical Ltd. Kernel Module Signing: 88f752e560a1e0737e31163a466ad7b70a850c19'
[    1.655399] blacklist: Loading compiled-in revocation X.509 certificates
[    1.657735] Loaded X.509 cert 'Canonical Ltd. Secure Boot Signing: 61482aa2830d0ab2ad5af10b7250da9033ddcef0'
[    1.661032] zswap: loaded using pool lzo/zbud
[    1.668570] Key type big_key registered
[    1.669964] Key type trusted registered
[    1.674105] Key type encrypted registered
[    1.675634] AppArmor: AppArmor sha1 policy hashing enabled
[    1.677587] ima: No TPM chip found, activating TPM-bypass! (rc=-19)
[    1.679669] ima: Allocated hash algorithm: sha1
[    1.681343] evm: HMAC attrs: 0x1
[    1.683001]   Magic number: 10:603:432
[    1.684535] rtc_cmos rtc_cmos: setting system clock to 2022-10-11 13:25:41 UTC (1665494741)
[    1.687888] BIOS EDD facility v0.16 2004-Jun-25, 0 devices found
[    1.690413] EDD information not available.
[    1.748605] Freeing unused kernel image memory: 2472K
[    1.772506] Write protecting the kernel read-only data: 20480k
[    1.775693] Freeing unused kernel image memory: 2008K
[    1.778127] Freeing unused kernel image memory: 1824K
[    1.814140] x86/mm: Checked W+X mappings: passed, no W+X pages found.
[    1.816591] x86/mm: Checking user space page tables
[    1.851954] x86/mm: Checked W+X mappings: passed, no W+X pages found.
Loading, please wait...
starting version 237
[    1.990722] Fusion MPT base driver 3.04.20
[    1.992691] Copyright (c) 1999-2008 LSI Corporation
[    2.014263] e1000: Intel(R) PRO/1000 Network Driver - version 7.3.21-k8-NAPI
[    2.017437] e1000: Copyright (c) 1999-2006 Intel Corporation.
[    2.055299] Fusion MPT SPI Host driver 3.04.20
[    2.231189] input: ImExPS/2 Generic Explorer Mouse as /devices/platform/i8042/serio1/input/input4
[    2.541658] e1000 0000:00:03.0 eth0: (PCI:33MHz:32-bit) 02:8e:c5:29:b5:69
[    2.544158] e1000 0000:00:03.0 eth0: Intel(R) PRO/1000 Network Connection
[    2.549177] mptbase: ioc0: Initiating bringup
[    2.645075] ioc0: LSI53C1030 A0: Capabilities={Initiator}
[    2.892852] scsi host2: ioc0: LSI53C1030 A0, FwRev=00000000h, Ports=1, MaxQ=256, IRQ=20
[    3.065349] scsi 2:0:0:0: Direct-Access     VBOX     HARDDISK         1.0  PQ: 0 ANSI: 5
[    3.100700] scsi target2:0:0: Beginning Domain Validation
[    3.107694] scsi target2:0:0: Domain Validation skipping write tests
[    3.111995] scsi target2:0:0: Ending Domain Validation
[    3.130902] scsi target2:0:0: asynchronous
[    3.150670] scsi 2:0:1:0: Direct-Access     VBOX     HARDDISK         1.0  PQ: 0 ANSI: 5
[    3.185947] scsi target2:0:1: Beginning Domain Validation
[    3.193572] scsi target2:0:1: Domain Validation skipping write tests
[    3.196400] scsi target2:0:1: Ending Domain Validation
[    3.198896] scsi target2:0:1: asynchronous
[    3.209522] sd 2:0:0:0: [sda] 83886080 512-byte logical blocks: (42.9 GB/40.0 GiB)
[    3.213279] sd 2:0:0:0: [sda] Write Protect is off
[    3.215778] sd 2:0:0:0: [sda] Incomplete mode parameter data
[    3.218410] sd 2:0:0:0: [sda] Assuming drive cache: write through
[    3.221274] sd 2:0:0:0: Attached scsi generic sg0 type 0
[    3.224557] sd 2:0:1:0: Attached scsi generic sg1 type 0
[    3.228084] sd 2:0:1:0: [sdb] 20480 512-byte logical blocks: (10.5 MB/10.0 MiB)
[    3.231784] sd 2:0:1:0: [sdb] Write Protect is off
[    3.236751] sd 2:0:1:0: [sdb] Incomplete mode parameter data
[    3.239412] sd 2:0:1:0: [sdb] Assuming drive cache: write through
[    3.261353]  sda: sda1
[    3.263970] sd 2:0:0:0: [sda] Attached SCSI disk
[    3.292379] sd 2:0:1:0: [sdb] Attached SCSI disk
[    3.567087] e1000 0000:00:08.0 eth1: (PCI:33MHz:32-bit) 08:00:27:3e:d9:e9
[    3.569402] e1000 0000:00:08.0 eth1: Intel(R) PRO/1000 Network Connection
[    3.573591] e1000 0000:00:03.0 enp0s3: renamed from eth0
[    3.593036] e1000 0000:00:08.0 enp0s8: renamed from eth1
Begin: Loading essential drivers ... [    5.760198] raid6: sse2x1   gen()  2641 MB/s
[    5.808050] raid6: sse2x1   xor()  1706 MB/s
[    5.856018] raid6: sse2x2   gen()  5370 MB/s
[    5.904717] raid6: sse2x2   xor()  2713 MB/s
[    5.952043] raid6: sse2x4   gen()  6530 MB/s
[    6.000432] raid6: sse2x4   xor()  3632 MB/s
[    6.002457] raid6: using algorithm sse2x4 gen() 6530 MB/s
[    6.005154] raid6: .... xor() 3632 MB/s, rmw enabled
[    6.007456] raid6: using ssse3x2 recovery algorithm
[    6.012579] xor: automatically using best checksumming function   avx       
[    6.018016] async_tx: api initialized (async)
done.
Begin: Running /scripts/init-premount ... done.
Begin: Mounting root file system ... Begin: Running /scripts/local-top ... done.
Begin: Running /scripts/local-premount ... [    6.135495] Btrfs loaded, crc32c=crc32c-intel
Scanning for Btrfs filesystems
done.
Warning: fsck not present, so skipping root file system
[    6.241593] EXT4-fs (sda1): INFO: recovery required on readonly filesystem
[    6.243949] EXT4-fs (sda1): write access will be enabled during recovery
[    6.326871] EXT4-fs (sda1): orphan cleanup on readonly fs
[    6.328776] EXT4-fs (sda1): 1 orphan inode deleted
[    6.330604] EXT4-fs (sda1): recovery complete
[    6.332883] EXT4-fs (sda1): mounted filesystem with ordered data mode. Opts: (null)
done.
Begin: Running /scripts/local-bottom ... done.
Begin: Running /scripts/init-bottom ... done.
[    7.742139] ip_tables: (C) 2000-2006 Netfilter Core Team
[    7.889229] systemd[1]: systemd 237 running in system mode. (+PAM +AUDIT +SELINUX +IMA +APPARMOR +SMACK +SYSVINIT +UTMP +LIBCRYPTSETUP +GCRYPT +GNUTLS +ACL +XZ +LZ4 +SECCOMP +BLKID +ELFUTILS +KMOD -IDN2 +IDN -PCRE2 default-hierarchy=hybrid)
[    7.903282] systemd[1]: Detected virtualization oracle.
[    7.906910] systemd[1]: Detected architecture x86-64.

Welcome to [1mUbuntu 18.04.6 LTS[0m!

[    7.954961] systemd[1]: Set hostname to <web01>.
[    9.445081] random: crng init done
[    9.986429] systemd[1]: Reached target System Time Synchronized.
[[0;32m  OK  [0m] Reached target System Time Synchronized.
[    9.990227] systemd[1]: Set up automount Arbitrary Executable File Formats File System Automount Point.
[[0;32m  OK  [0m] Set up automount Arbitrary Executab…rmats File System Automount Point.
[    9.995450] systemd[1]: Started Forward Password Requests to Wall Directory Watch.
[[0;32m  OK  [0m] Started Forward Password Requests to Wall Directory Watch.
[   10.003098] systemd[1]: Created slice System Slice.
[[0;32m  OK  [0m] Created slice System Slice.
[   10.006180] systemd[1]: Listening on Journal Socket.
[[0;32m  OK  [0m] Listening on Journal Socket.
[   10.010209] systemd[1]: Mounting POSIX Message Queue File System...
         Mounting POSIX Message Queue File System...
[[0;32m  OK  [0m] Listening on /dev/initctl Compatibility Named Pipe.
[[0;32m  OK  [0m] Listening on fsck to fsckd communication Socket.
[[0;32m  OK  [0m] Listening on Device-mapper event daemon FIFOs.
[[0;32m  OK  [0m] Listening on Syslog Socket.
[[0;32m  OK  [0m] Listening on LVM2 metadata daemon socket.
         Mounting Kernel Debug File System...
[[0;32m  OK  [0m] Listening on udev Kernel Socket.
         Starting File System Check on Root Device...
[[0;32m  OK  [0m] Created slice system-serial\x2dgetty.slice.
         Starting Uncomplicated firewall...
[[0;32m  OK  [0m] Created slice User and Session Slice.
[[0;32m  OK  [0m] Reached target User and Group Name Lookups.
[[0;32m  OK  [0m] Listening on Network Service Netlink Socket.
[[0;32m  OK  [0m] Listening on Journal Socket (/dev/log).
         Starting Set the console keyboard layout...
[[0;32m  OK  [0m] Reached target Swap.
[[0;32m  OK  [0m] Reached target Slices.
         Starting Load Kernel Modules...
[[0;32m  OK  [0m] Listening on udev Control Socket.
         Starting udev Coldplug all Devices...
         Starting Create list of required st…ce nodes for the current kernel...
         Mounting Huge Pages File System...
[[0;32m  OK  [0m] Listening on Journal Audit Socket.
         Starting Journal Service...
         Starting Monitoring of LVM2 mirrors…ng dmeventd or progress polling...
[[0;32m  OK  [0m] Listening on LVM2 poll daemon socket.
[[0;32m  OK  [0m] Mounted POSIX Message Queue File System.
[[0;32m  OK  [0m] Mounted Kernel Debug File System.
[[0;32m  OK  [0m] Started Uncomplicated firewall.
[[0;32m  OK  [0m] Mounted Huge Pages File System.
[[0;32m  OK  [0m] Started File System Check Daemon to report status.
[[0;32m  OK  [0m] Started udev Coldplug all Devices.
[[0;32m  OK  [0m] Started Create list of required sta…vice nodes for the current kernel.
         Starting Create Static Device Nodes in /dev...
[[0;32m  OK  [0m] Started Journal Service.
[   10.535933] Loading iSCSI transport class v2.0-870.
[   10.557867] iscsi: registered transport (tcp)
[[0;32m  OK  [0m] Started File System Check on Root Device.
         Starting Remount Root and Kernel File Systems...
[[0;32m  OK  [0m] Started Set the console keyboard layout.
[[0;32m  OK  [0m] Started Create Static Device Nodes in /dev.
[[0;32m  OK  [0m] Started LVM2 metadata daemon.
[   11.193798] EXT4-fs (sda1): re-mounted. Opts: (null)
[[0;32m  OK  [0m] Started Remount Root and Kernel File Systems.
         Starting Load/Save Random Seed...
[   11.221619] iscsi: registered transport (iser)
         Starting udev Kernel Device Manager...
         Starting Flush Journal to Persistent Storage...
[[0;32m  OK  [0m] Started Load Kernel Modules.
         Mounting Kernel Configuration File System...
         Mounting FUSE Control File System...
         Starting Apply Kernel Variables...
[[0;32m  OK  [0m] Mounted Kernel Configuration File System.
[[0;32m  OK  [0m] Mounted FUSE Control File System.
[[0;32m  OK  [0m] Started Load/Save Random Seed.
[[0;32m  OK  [0m] Started Monitoring of LVM2 mirrors,…sing dmeventd or progress polling.
[[0;32m  OK  [0m] Reached target Local File Systems (Pre).
[[0;32m  OK  [0m] Reached target Local File Systems.
         Starting Set console font and keymap...
         Starting ebtables ruleset management...
         Starting AppArmor initialization...
         Starting Tell Plymouth To Write Out Runtime Data...
[   11.392612] systemd-journald[382]: Received request to flush runtime journal from PID 1
[[0;32m  OK  [0m] Started Set console font and keymap.
[[0;32m  OK  [0m] Started Tell Plymouth To Write Out Runtime Data.
[[0;32m  OK  [0m] Started Apply Kernel Variables.
[[0;32m  OK  [0m] Started udev Kernel Device Manager.
[[0;32m  OK  [0m] Started Dispatch Password Requests to Console Directory Watch.
[[0;32m  OK  [0m] Reached target Local Encrypted Volumes.
[[0;32m  OK  [0m] Started Flush Journal to Persistent Storage.
         Starting Create Volatile Files and Directories...
[[0;32m  OK  [0m] Started Create Volatile Files and Directories.
         Starting Update UTMP about System Boot/Shutdown...
[[0;32m  OK  [0m] Started ebtables ruleset management.
[[0;32m  OK  [0m] Started Update UTMP about System Boot/Shutdown.
[[0;32m  OK  [0m] Found device /dev/ttyS0.
[[0;32m  OK  [0m] Listening on Load/Save RF Kill Switch Status /dev/rfkill Watch.
[[0;32m  OK  [0m] Started AppArmor initialization.
         Starting Load AppArmor profiles managed internally by snapd...
         Starting Initial cloud-init job (pre-networking)...
[[0;32m  OK  [0m] Started Load AppArmor profiles managed internally by snapd.
[   23.291547] cloud-init[532]: Cloud-init v. 22.2-0ubuntu1~18.04.3 running 'init-local' at Tue, 11 Oct 2022 13:26:01 +0000. Up 21.53 seconds.
[[0;32m  OK  [0m] Started Initial cloud-init job (pre-networking).
[[0;32m  OK  [0m] Reached target Network (Pre).
         Starting Network Service...
[[0;32m  OK  [0m] Started Network Service.
         Starting Wait for Network to be Configured...
         Starting Network Name Resolution...
[[0;32m  OK  [0m] Started Network Name Resolution.
[[0;32m  OK  [0m] Reached target Network.
[[0;32m  OK  [0m] Reached target Host and Network Name Lookups.
[[0;32m  OK  [0m] Started Wait for Network to be Configured.
         Starting Initial cloud-init job (metadata service crawler)...
[   27.046360] cloud-init[661]: Cloud-init v. 22.2-0ubuntu1~18.04.3 running 'init' at Tue, 11 Oct 2022 13:26:06 +0000. Up 26.55 seconds.
[   27.049807] cloud-init[661]: ci-info: ++++++++++++++++++++++++++++++++++++++Net device info+++++++++++++++++++++++++++++++++++++++
[   27.053123] cloud-init[661]: ci-info: +--------+------+-----------------------------+---------------+--------+-------------------+
[   27.056437] cloud-init[661]: ci-info: | Device |  Up  |           Address           |      Mask     | Scope  |     Hw-Address    |
[   27.059828] cloud-init[661]: ci-info: +--------+------+-----------------------------+---------------+--------+-------------------+
[   27.062997] cloud-init[661]: ci-info: | enp0s3 | True |          10.0.2.15          | 255.255.255.0 | global | 02:8e:c5:29:b5:69 |
[   27.067447] cloud-init[661]: ci-info: | enp0s3 | True |  fe80::8e:c5ff:fe29:b569/64 |       .       |  link  | 02:8e:c5:29:b5:69 |
[   27.071185] cloud-init[661]: ci-info: | enp0s8 | True |        192.168.56.11        | 255.255.255.0 | global | 08:00:27:3e:d9:e9 |
[   27.073682] cloud-init[661]: ci-info: | enp0s8 | True | fe80::a00:27ff:fe3e:d9e9/64 |       .       |  link  | 08:00:27:3e:d9:e9 |
[   27.076937] cloud-init[661]: ci-info: |   lo   | True |          127.0.0.1          |   255.0.0.0   |  host  |         .         |
[   27.080305] cloud-init[661]: ci-info: |   lo   | True |           ::1/128           |       .       |  host  |         .         |
[   27.084850] cloud-init[661]: ci-info: +--------+------+-----------------------------+---------------+--------+-------------------+
[   27.088574] cloud-init[661]: ci-info: +++++++++++++++++++++++++++++Route IPv4 info+++++++++++++++++++++++++++++
[   27.091728] cloud-init[661]: ci-info: +-------+--------------+----------+-----------------+-----------+-------+
[   27.095223] cloud-init[661]: ci-info: | Route | Destination  | Gateway  |     Genmask     | Interface | Flags |
[   27.098334] cloud-init[661]: ci-info: +-------+--------------+----------+-----------------+-----------+-------+
[   27.101032] cloud-init[661]: ci-info: |   0   |   0.0.0.0    | 10.0.2.2 |     0.0.0.0     |   enp0s3  |   UG  |
[   27.104509] cloud-init[661]: ci-info: |   1   |   10.0.2.0   | 0.0.0.0  |  255.255.255.0  |   enp0s3  |   U   |
[   27.107704] cloud-init[661]: ci-info: |   2   |   10.0.2.2   | 0.0.0.0  | 255.255.255.255 |   enp0s3  |   UH  |
[   27.111382] cloud-init[661]: ci-info: |   3   | 192.168.56.0 | 0.0.0.0  |  255.255.255.0  |   enp0s8  |   U   |
[   27.114847] cloud-init[661]: ci-info: +-------+--------------+----------+-----------------+-----------+-------+
[   27.118491] cloud-init[661]: ci-info: +++++++++++++++++++Route IPv6 info+++++++++++++++++++
[   27.121349] cloud-init[661]: ci-info: +-------+-------------+---------+-----------+-------+
[   27.124451] cloud-init[661]: ci-info: | Route | Destination | Gateway | Interface | Flags |
[   27.127042] cloud-init[661]: ci-info: +-------+-------------+---------+-----------+-------+
[   27.129823] cloud-init[661]: ci-info: |   1   |  fe80::/64  |    ::   |   enp0s8  |   U   |
[   27.132485] cloud-init[661]: ci-info: |   2   |  fe80::/64  |    ::   |   enp0s3  |   U   |
[   27.135599] cloud-init[661]: ci-info: |   4   |    local    |    ::   |   enp0s3  |   U   |
[   27.138596] cloud-init[661]: ci-info: |   5   |    local    |    ::   |   enp0s8  |   U   |
[   27.141533] cloud-init[661]: ci-info: |   6   |   ff00::/8  |    ::   |   enp0s8  |   U   |
[   27.144484] cloud-init[661]: ci-info: |   7   |   ff00::/8  |    ::   |   enp0s3  |   U   |
[   27.147412] cloud-init[661]: ci-info: +-------+-------------+---------+-----------+-------+
[[0;32m  OK  [0m] Started Initial cloud-init job (metadata service crawler).
[[0;32m  OK  [0m] Reached target System Initialization.
[[0;32m  OK  [0m] Listening on cloud-init hotplug hook socket.
[[0;32m  OK  [0m] Listening on D-Bus System Message Bus Socket.
[[0;32m  OK  [0m] Started Ubuntu Advantage Timer for running repeated jobs.
[[0;32m  OK  [0m] Started ACPI Events Check.
[[0;32m  OK  [0m] Reached target Paths.
[[0;32m  OK  [0m] Listening on UUID daemon activation socket.
[[0;32m  OK  [0m] Started Discard unused blocks once a week.
[[0;32m  OK  [0m] Started Message of the Day.
[[0;32m  OK  [0m] Started Daily Cleanup of Temporary Directories.
[[0;32m  OK  [0m] Started Daily apt download activities.
[[0;32m  OK  [0m] Started Daily apt upgrade and clean activities.
[[0;32m  OK  [0m] Reached target Timers.
         Starting Socket activation for snappy daemon.
[[0;32m  OK  [0m] Listening on Open-iSCSI iscsid Socket.
[[0;32m  OK  [0m] Listening on ACPID Listen Socket.
         Starting LXD - unix socket.
[[0;32m  OK  [0m] Reached target Cloud-config availability.
[[0;32m  OK  [0m] Reached target Network is Online.
         Starting Availability of block devices...
[[0;32m  OK  [0m] Reached target Remote File Systems (Pre).
         Mounting /vagrant...
[[0;32m  OK  [0m] Listening on Socket activation for snappy daemon.
[[0;32m  OK  [0m] Listening on LXD - unix socket.
[[0;32m  OK  [0m] Started Availability of block devices.
[[0;32m  OK  [0m] Reached target Sockets.
[[0;32m  OK  [0m] Reached target Basic System.
[[0;32m  OK  [0m] Started Regular background program processing daemon.
[[0;32m  OK  [0m] Started D-Bus System Message Bus.
         Starting Login Service...
         Starting LSB: Record successful boot for GRUB...
[[0;32m  OK  [0m] Started irqbalance daemon.
[[0;32m  OK  [0m] Started Deferred execution scheduler.
         Starting LXD - container startup/shutdown...
         Starting Accounts Service...
         Starting Virtualbox guest utils...
         Starting OpenBSD Secure Shell server...
[[0;32m  OK  [0m] Started FUSE filesystem for LXC.
         Starting Dispatcher daemon for systemd-networkd...
         Starting System Logging Service...
         Starting Snap Daemon...
[[0;32m  OK  [0m] Mounted /vagrant.
[[0;32m  OK  [0m] Started Login Service.
[[0;32m  OK  [0m] Started Unattended Upgrades Shutdown.
[[0;32m  OK  [0m] Reached target Remote File Systems.
         Starting LSB: automatic crash report generation...
         Starting Permit User Sessions...
[[0;32m  OK  [0m] Started Permit User Sessions.
         Starting Terminate Plymouth Boot Screen...
         Starting Hold until boot process finishes up...
         Starting Authorization Manager...
[[0;32m  OK  [0m] Started Terminate Plymouth Boot Screen.
[[0;32m  OK  [0m] Started Hold until boot process finishes up.
[[0;32m  OK  [0m] Started Serial Getty on ttyS0.
         Starting Set console scheme...
[[0;32m  OK  [0m] Started Set console scheme.
[[0;32m  OK  [0m] Created slice system-getty.slice.
[[0;32m  OK  [0m] Started Getty on tty1.
[[0;32m  OK  [0m] Reached target Login Prompts.
[[0;32m  OK  [0m] Started LSB: automatic crash report generation.
[[0;32m  OK  [0m] Started System Logging Service.
[[0;32m  OK  [0m] Started Authorization Manager.
[[0;32m  OK  [0m] Started Accounts Service.
[[0;32m  OK  [0m] Started LSB: Record successful boot for GRUB.
[[0;32m  OK  [0m] Started OpenBSD Secure Shell server.
[[0;32m  OK  [0m] Started Virtualbox guest utils.
[[0;32m  OK  [0m] Created slice User Slice of vagrant.
         Starting User Manager for UID 1000...
[[0;32m  OK  [0m] Started Session 1 of user vagrant.
[[0;32m  OK  [0m] Started Dispatcher daemon for systemd-networkd.

Ubuntu 18.04.6 LTS web01 ttyS0

web01 login: [   39.902554] cloud-init[1266]: Cloud-init v. 22.2-0ubuntu1~18.04.3 running 'modules:config' at Tue, 11 Oct 2022 13:26:19 +0000. Up 39.55 seconds.
[   41.325839] cloud-init[1429]: Cloud-init v. 22.2-0ubuntu1~18.04.3 running 'modules:final' at Tue, 11 Oct 2022 13:26:20 +0000. Up 40.88 seconds.
[   41.326042] cloud-init[1429]: Cloud-init v. 22.2-0ubuntu1~18.04.3 finished at Tue, 11 Oct 2022 13:26:21 +0000. Datasource DataSourceNoCloud [seed=/dev/sdb][dsmode=net].  Up 41.28 seconds
